{"/home/theo-anderson/Eclipse-Auto-v2/server/middleware/auth.js": {"path":"/home/theo-anderson/Eclipse-Auto-v2/server/middleware/auth.js","statementMap":{"0":{"start":{"line":1,"column":17},"end":{"line":1,"column":39}},"1":{"start":{"line":4,"column":17},"end":{"line":4,"column":42}},"2":{"start":{"line":5,"column":2},"end":{"line":5,"column":59}},"3":{"start":{"line":5,"column":48},"end":{"line":5,"column":59}},"4":{"start":{"line":6,"column":2},"end":{"line":6,"column":29}},"5":{"start":{"line":10,"column":2},"end":{"line":10,"column":49}},"6":{"start":{"line":10,"column":14},"end":{"line":10,"column":49}},"7":{"start":{"line":11,"column":36},"end":{"line":11,"column":70}},"8":{"start":{"line":12,"column":2},"end":{"line":14,"column":3}},"9":{"start":{"line":13,"column":4},"end":{"line":13,"column":49}},"10":{"start":{"line":15,"column":2},"end":{"line":15,"column":17}},"11":{"start":{"line":19,"column":16},"end":{"line":19,"column":39}},"12":{"start":{"line":20,"column":26},"end":{"line":20,"column":50}},"13":{"start":{"line":22,"column":2},"end":{"line":22,"column":51}},"14":{"start":{"line":22,"column":13},"end":{"line":22,"column":51}},"15":{"start":{"line":24,"column":2},"end":{"line":24,"column":17}},"16":{"start":{"line":25,"column":2},"end":{"line":25,"column":8}},"17":{"start":{"line":29,"column":16},"end":{"line":29,"column":39}},"18":{"start":{"line":30,"column":26},"end":{"line":30,"column":50}},"19":{"start":{"line":32,"column":2},"end":{"line":32,"column":51}},"20":{"start":{"line":32,"column":13},"end":{"line":32,"column":51}},"21":{"start":{"line":34,"column":28},"end":{"line":38,"column":13}},"22":{"start":{"line":40,"column":2},"end":{"line":42,"column":3}},"23":{"start":{"line":41,"column":4},"end":{"line":41,"column":80}},"24":{"start":{"line":44,"column":2},"end":{"line":44,"column":17}},"25":{"start":{"line":45,"column":2},"end":{"line":45,"column":23}},"26":{"start":{"line":46,"column":2},"end":{"line":46,"column":8}},"27":{"start":{"line":49,"column":0},"end":{"line":49,"column":46}}},"fnMap":{"0":{"name":"getTokenFromHeader","decl":{"start":{"line":3,"column":9},"end":{"line":3,"column":27}},"loc":{"start":{"line":3,"column":33},"end":{"line":7,"column":1}},"line":3},"1":{"name":"verifyToken","decl":{"start":{"line":9,"column":15},"end":{"line":9,"column":26}},"loc":{"start":{"line":9,"column":34},"end":{"line":16,"column":1}},"line":9},"2":{"name":"requireAuth","decl":{"start":{"line":18,"column":15},"end":{"line":18,"column":26}},"loc":{"start":{"line":18,"column":43},"end":{"line":26,"column":1}},"line":18},"3":{"name":"requireAdmin","decl":{"start":{"line":28,"column":15},"end":{"line":28,"column":27}},"loc":{"start":{"line":28,"column":44},"end":{"line":47,"column":1}},"line":28}},"branchMap":{"0":{"loc":{"start":{"line":5,"column":2},"end":{"line":5,"column":59}},"type":"if","locations":[{"start":{"line":5,"column":2},"end":{"line":5,"column":59}},{"start":{},"end":{}}],"line":5},"1":{"loc":{"start":{"line":5,"column":6},"end":{"line":5,"column":46}},"type":"binary-expr","locations":[{"start":{"line":5,"column":6},"end":{"line":5,"column":13}},{"start":{"line":5,"column":17},"end":{"line":5,"column":46}}],"line":5},"2":{"loc":{"start":{"line":10,"column":2},"end":{"line":10,"column":49}},"type":"if","locations":[{"start":{"line":10,"column":2},"end":{"line":10,"column":49}},{"start":{},"end":{}}],"line":10},"3":{"loc":{"start":{"line":12,"column":2},"end":{"line":14,"column":3}},"type":"if","locations":[{"start":{"line":12,"column":2},"end":{"line":14,"column":3}},{"start":{},"end":{}}],"line":12},"4":{"loc":{"start":{"line":12,"column":6},"end":{"line":12,"column":20}},"type":"binary-expr","locations":[{"start":{"line":12,"column":6},"end":{"line":12,"column":11}},{"start":{"line":12,"column":15},"end":{"line":12,"column":20}}],"line":12},"5":{"loc":{"start":{"line":22,"column":2},"end":{"line":22,"column":51}},"type":"if","locations":[{"start":{"line":22,"column":2},"end":{"line":22,"column":51}},{"start":{},"end":{}}],"line":22},"6":{"loc":{"start":{"line":32,"column":2},"end":{"line":32,"column":51}},"type":"if","locations":[{"start":{"line":32,"column":2},"end":{"line":32,"column":51}},{"start":{},"end":{}}],"line":32},"7":{"loc":{"start":{"line":40,"column":2},"end":{"line":42,"column":3}},"type":"if","locations":[{"start":{"line":40,"column":2},"end":{"line":42,"column":3}},{"start":{},"end":{}}],"line":40}},"s":{"0":1,"1":3,"2":3,"3":3,"4":0,"5":3,"6":3,"7":0,"8":0,"9":0,"10":0,"11":2,"12":2,"13":2,"14":2,"15":0,"16":0,"17":1,"18":1,"19":1,"20":1,"21":0,"22":0,"23":0,"24":0,"25":0,"26":0,"27":1},"f":{"0":3,"1":3,"2":2,"3":1},"b":{"0":[3,0],"1":[3,1],"2":[3,0],"3":[0,0],"4":[0,0],"5":[2,0],"6":[1,0],"7":[0,0]},"_coverageSchema":"1a1c01bbd47fc00a2c39e90264f33305004495a9","hash":"9d6179214172c5c5fc0cf4ec74b1d4364af88a27"}
,"/home/theo-anderson/Eclipse-Auto-v2/server/middleware/setup.js": {"path":"/home/theo-anderson/Eclipse-Auto-v2/server/middleware/setup.js","statementMap":{"0":{"start":{"line":1,"column":13},"end":{"line":1,"column":28}},"1":{"start":{"line":2,"column":16},"end":{"line":2,"column":34}},"2":{"start":{"line":4,"column":0},"end":{"line":15,"column":1}},"3":{"start":{"line":5,"column":17},"end":{"line":5,"column":54}},"4":{"start":{"line":7,"column":2},"end":{"line":12,"column":3}},"5":{"start":{"line":8,"column":4},"end":{"line":11,"column":7}},"6":{"start":{"line":14,"column":2},"end":{"line":14,"column":25}}},"fnMap":{"0":{"name":"setupMiddleware","decl":{"start":{"line":4,"column":26},"end":{"line":4,"column":41}},"loc":{"start":{"line":4,"column":47},"end":{"line":15,"column":1}},"line":4}},"branchMap":{"0":{"loc":{"start":{"line":7,"column":2},"end":{"line":12,"column":3}},"type":"if","locations":[{"start":{"line":7,"column":2},"end":{"line":12,"column":3}},{"start":{},"end":{}}],"line":7},"1":{"loc":{"start":{"line":9,"column":14},"end":{"line":9,"column":63}},"type":"binary-expr","locations":[{"start":{"line":9,"column":14},"end":{"line":9,"column":36}},{"start":{"line":9,"column":40},"end":{"line":9,"column":63}}],"line":9}},"s":{"0":0,"1":0,"2":0,"3":0,"4":0,"5":0,"6":0},"f":{"0":0},"b":{"0":[0,0],"1":[0,0]}}
,"/home/theo-anderson/Eclipse-Auto-v2/server/routes/admin.js": {"path":"/home/theo-anderson/Eclipse-Auto-v2/server/routes/admin.js","statementMap":{"0":{"start":{"line":1,"column":19},"end":{"line":1,"column":37}},"1":{"start":{"line":2,"column":17},"end":{"line":2,"column":39}},"2":{"start":{"line":3,"column":25},"end":{"line":3,"column":54}},"3":{"start":{"line":5,"column":15},"end":{"line":5,"column":23}},"4":{"start":{"line":8,"column":0},"end":{"line":34,"column":2}},"5":{"start":{"line":18,"column":6},"end":{"line":27,"column":4}},"6":{"start":{"line":29,"column":2},"end":{"line":33,"column":4}},"7":{"start":{"line":37,"column":0},"end":{"line":52,"column":2}},"8":{"start":{"line":38,"column":37},"end":{"line":38,"column":46}},"9":{"start":{"line":40,"column":19},"end":{"line":40,"column":55}},"10":{"start":{"line":41,"column":20},"end":{"line":41,"column":54}},"11":{"start":{"line":43,"column":33},"end":{"line":48,"column":47}},"12":{"start":{"line":50,"column":2},"end":{"line":50,"column":66}},"13":{"start":{"line":50,"column":13},"end":{"line":50,"column":66}},"14":{"start":{"line":51,"column":2},"end":{"line":51,"column":70}},"15":{"start":{"line":55,"column":0},"end":{"line":59,"column":2}},"16":{"start":{"line":56,"column":20},"end":{"line":56,"column":84}},"17":{"start":{"line":57,"column":2},"end":{"line":57,"column":66}},"18":{"start":{"line":57,"column":13},"end":{"line":57,"column":66}},"19":{"start":{"line":58,"column":2},"end":{"line":58,"column":29}},"20":{"start":{"line":61,"column":0},"end":{"line":61,"column":23}}},"fnMap":{"0":{"name":"(anonymous_0)","decl":{"start":{"line":8,"column":35},"end":{"line":8,"column":36}},"loc":{"start":{"line":8,"column":55},"end":{"line":34,"column":1}},"line":8},"1":{"name":"(anonymous_1)","decl":{"start":{"line":37,"column":37},"end":{"line":37,"column":38}},"loc":{"start":{"line":37,"column":57},"end":{"line":52,"column":1}},"line":37},"2":{"name":"(anonymous_2)","decl":{"start":{"line":55,"column":44},"end":{"line":55,"column":45}},"loc":{"start":{"line":55,"column":64},"end":{"line":59,"column":1}},"line":55}},"branchMap":{"0":{"loc":{"start":{"line":38,"column":10},"end":{"line":38,"column":20}},"type":"default-arg","locations":[{"start":{"line":38,"column":18},"end":{"line":38,"column":20}}],"line":38},"1":{"loc":{"start":{"line":38,"column":22},"end":{"line":38,"column":32}},"type":"default-arg","locations":[{"start":{"line":38,"column":31},"end":{"line":38,"column":32}}],"line":38},"2":{"loc":{"start":{"line":40,"column":28},"end":{"line":40,"column":49}},"type":"binary-expr","locations":[{"start":{"line":40,"column":28},"end":{"line":40,"column":43}},{"start":{"line":40,"column":47},"end":{"line":40,"column":49}}],"line":40},"3":{"loc":{"start":{"line":41,"column":29},"end":{"line":41,"column":50}},"type":"binary-expr","locations":[{"start":{"line":41,"column":29},"end":{"line":41,"column":45}},{"start":{"line":41,"column":49},"end":{"line":41,"column":50}}],"line":41},"4":{"loc":{"start":{"line":50,"column":2},"end":{"line":50,"column":66}},"type":"if","locations":[{"start":{"line":50,"column":2},"end":{"line":50,"column":66}},{"start":{},"end":{}}],"line":50},"5":{"loc":{"start":{"line":57,"column":2},"end":{"line":57,"column":66}},"type":"if","locations":[{"start":{"line":57,"column":2},"end":{"line":57,"column":66}},{"start":{},"end":{}}],"line":57}},"s":{"0":0,"1":0,"2":0,"3":0,"4":0,"5":0,"6":0,"7":0,"8":0,"9":0,"10":0,"11":0,"12":0,"13":0,"14":0,"15":0,"16":0,"17":0,"18":0,"19":0,"20":0},"f":{"0":0,"1":0,"2":0},"b":{"0":[0],"1":[0],"2":[0,0],"3":[0,0],"4":[0,0],"5":[0,0]}}
,"/home/theo-anderson/Eclipse-Auto-v2/server/routes/api.js": {"path":"/home/theo-anderson/Eclipse-Auto-v2/server/routes/api.js","statementMap":{"0":{"start":{"line":1,"column":19},"end":{"line":1,"column":37}},"1":{"start":{"line":3,"column":27},"end":{"line":3,"column":48}},"2":{"start":{"line":4,"column":27},"end":{"line":4,"column":52}},"3":{"start":{"line":5,"column":27},"end":{"line":5,"column":45}},"4":{"start":{"line":6,"column":27},"end":{"line":6,"column":47}},"5":{"start":{"line":7,"column":27},"end":{"line":7,"column":46}},"6":{"start":{"line":9,"column":15},"end":{"line":9,"column":23}},"7":{"start":{"line":11,"column":0},"end":{"line":11,"column":43}},"8":{"start":{"line":12,"column":0},"end":{"line":12,"column":47}},"9":{"start":{"line":13,"column":0},"end":{"line":13,"column":40}},"10":{"start":{"line":14,"column":0},"end":{"line":14,"column":42}},"11":{"start":{"line":15,"column":0},"end":{"line":15,"column":41}},"12":{"start":{"line":17,"column":0},"end":{"line":17,"column":23}}},"fnMap":{},"branchMap":{},"s":{"0":0,"1":0,"2":0,"3":0,"4":0,"5":0,"6":0,"7":0,"8":0,"9":0,"10":0,"11":0,"12":0},"f":{},"b":{}}
,"/home/theo-anderson/Eclipse-Auto-v2/server/routes/contact.js": {"path":"/home/theo-anderson/Eclipse-Auto-v2/server/routes/contact.js","statementMap":{"0":{"start":{"line":1,"column":19},"end":{"line":1,"column":37}},"1":{"start":{"line":2,"column":19},"end":{"line":2,"column":40}},"2":{"start":{"line":4,"column":15},"end":{"line":4,"column":23}},"3":{"start":{"line":6,"column":20},"end":{"line":12,"column":2}},"4":{"start":{"line":14,"column":24},"end":{"line":14,"column":33}},"5":{"start":{"line":17,"column":14},"end":{"line":17,"column":24}},"6":{"start":{"line":18,"column":19},"end":{"line":18,"column":33}},"7":{"start":{"line":19,"column":22},"end":{"line":19,"column":23}},"8":{"start":{"line":21,"column":2},"end":{"line":23,"column":3}},"9":{"start":{"line":22,"column":4},"end":{"line":22,"column":31}},"10":{"start":{"line":25,"column":19},"end":{"line":25,"column":80}},"11":{"start":{"line":25,"column":58},"end":{"line":25,"column":79}},"12":{"start":{"line":26,"column":2},"end":{"line":26,"column":35}},"13":{"start":{"line":28,"column":2},"end":{"line":30,"column":3}},"14":{"start":{"line":29,"column":4},"end":{"line":29,"column":16}},"15":{"start":{"line":32,"column":2},"end":{"line":32,"column":20}},"16":{"start":{"line":33,"column":2},"end":{"line":33,"column":35}},"17":{"start":{"line":34,"column":2},"end":{"line":34,"column":13}},"18":{"start":{"line":38,"column":14},"end":{"line":44,"column":3}},"19":{"start":{"line":45,"column":2},"end":{"line":45,"column":52}},"20":{"start":{"line":45,"column":42},"end":{"line":45,"column":51}},"21":{"start":{"line":49,"column":0},"end":{"line":83,"column":2}},"22":{"start":{"line":50,"column":19},"end":{"line":50,"column":57}},"23":{"start":{"line":51,"column":51},"end":{"line":51,"column":59}},"24":{"start":{"line":53,"column":2},"end":{"line":55,"column":3}},"25":{"start":{"line":54,"column":4},"end":{"line":54,"column":90}},"26":{"start":{"line":57,"column":2},"end":{"line":59,"column":3}},"27":{"start":{"line":58,"column":4},"end":{"line":58,"column":86}},"28":{"start":{"line":61,"column":2},"end":{"line":63,"column":3}},"29":{"start":{"line":62,"column":4},"end":{"line":62,"column":64}},"30":{"start":{"line":65,"column":2},"end":{"line":82,"column":3}},"31":{"start":{"line":66,"column":4},"end":{"line":76,"column":6}},"32":{"start":{"line":78,"column":4},"end":{"line":78,"column":59}},"33":{"start":{"line":80,"column":4},"end":{"line":80,"column":56}},"34":{"start":{"line":81,"column":4},"end":{"line":81,"column":73}},"35":{"start":{"line":85,"column":0},"end":{"line":85,"column":23}}},"fnMap":{"0":{"name":"checkRateLimit","decl":{"start":{"line":16,"column":9},"end":{"line":16,"column":23}},"loc":{"start":{"line":16,"column":28},"end":{"line":35,"column":1}},"line":16},"1":{"name":"(anonymous_1)","decl":{"start":{"line":25,"column":50},"end":{"line":25,"column":51}},"loc":{"start":{"line":25,"column":58},"end":{"line":25,"column":79}},"line":25},"2":{"name":"escapeHtml","decl":{"start":{"line":37,"column":9},"end":{"line":37,"column":19}},"loc":{"start":{"line":37,"column":26},"end":{"line":46,"column":1}},"line":37},"3":{"name":"(anonymous_3)","decl":{"start":{"line":45,"column":34},"end":{"line":45,"column":35}},"loc":{"start":{"line":45,"column":42},"end":{"line":45,"column":51}},"line":45},"4":{"name":"(anonymous_4)","decl":{"start":{"line":49,"column":17},"end":{"line":49,"column":18}},"loc":{"start":{"line":49,"column":37},"end":{"line":83,"column":1}},"line":49}},"branchMap":{"0":{"loc":{"start":{"line":21,"column":2},"end":{"line":23,"column":3}},"type":"if","locations":[{"start":{"line":21,"column":2},"end":{"line":23,"column":3}},{"start":{},"end":{}}],"line":21},"1":{"loc":{"start":{"line":28,"column":2},"end":{"line":30,"column":3}},"type":"if","locations":[{"start":{"line":28,"column":2},"end":{"line":30,"column":3}},{"start":{},"end":{}}],"line":28},"2":{"loc":{"start":{"line":50,"column":19},"end":{"line":50,"column":57}},"type":"binary-expr","locations":[{"start":{"line":50,"column":19},"end":{"line":50,"column":25}},{"start":{"line":50,"column":29},"end":{"line":50,"column":57}}],"line":50},"3":{"loc":{"start":{"line":53,"column":2},"end":{"line":55,"column":3}},"type":"if","locations":[{"start":{"line":53,"column":2},"end":{"line":55,"column":3}},{"start":{},"end":{}}],"line":53},"4":{"loc":{"start":{"line":57,"column":2},"end":{"line":59,"column":3}},"type":"if","locations":[{"start":{"line":57,"column":2},"end":{"line":59,"column":3}},{"start":{},"end":{}}],"line":57},"5":{"loc":{"start":{"line":57,"column":6},"end":{"line":57,"column":33}},"type":"binary-expr","locations":[{"start":{"line":57,"column":6},"end":{"line":57,"column":11}},{"start":{"line":57,"column":15},"end":{"line":57,"column":21}},{"start":{"line":57,"column":25},"end":{"line":57,"column":33}}],"line":57},"6":{"loc":{"start":{"line":61,"column":2},"end":{"line":63,"column":3}},"type":"if","locations":[{"start":{"line":61,"column":2},"end":{"line":63,"column":3}},{"start":{},"end":{}}],"line":61},"7":{"loc":{"start":{"line":61,"column":6},"end":{"line":61,"column":48}},"type":"binary-expr","locations":[{"start":{"line":61,"column":6},"end":{"line":61,"column":23}},{"start":{"line":61,"column":27},"end":{"line":61,"column":48}}],"line":61},"8":{"loc":{"start":{"line":70,"column":44},"end":{"line":70,"column":72}},"type":"binary-expr","locations":[{"start":{"line":70,"column":44},"end":{"line":70,"column":51}},{"start":{"line":70,"column":55},"end":{"line":70,"column":72}}],"line":70},"9":{"loc":{"start":{"line":72,"column":76},"end":{"line":72,"column":114}},"type":"cond-expr","locations":[{"start":{"line":72,"column":84},"end":{"line":72,"column":109}},{"start":{"line":72,"column":112},"end":{"line":72,"column":114}}],"line":72}},"s":{"0":0,"1":0,"2":0,"3":0,"4":0,"5":0,"6":0,"7":0,"8":0,"9":0,"10":0,"11":0,"12":0,"13":0,"14":0,"15":0,"16":0,"17":0,"18":0,"19":0,"20":0,"21":0,"22":0,"23":0,"24":0,"25":0,"26":0,"27":0,"28":0,"29":0,"30":0,"31":0,"32":0,"33":0,"34":0,"35":0},"f":{"0":0,"1":0,"2":0,"3":0,"4":0},"b":{"0":[0,0],"1":[0,0],"2":[0,0],"3":[0,0],"4":[0,0],"5":[0,0,0],"6":[0,0],"7":[0,0],"8":[0,0],"9":[0,0]}}
,"/home/theo-anderson/Eclipse-Auto-v2/server/routes/health.js": {"path":"/home/theo-anderson/Eclipse-Auto-v2/server/routes/health.js","statementMap":{"0":{"start":{"line":1,"column":19},"end":{"line":1,"column":37}},"1":{"start":{"line":3,"column":15},"end":{"line":3,"column":23}},"2":{"start":{"line":5,"column":0},"end":{"line":7,"column":2}},"3":{"start":{"line":6,"column":2},"end":{"line":6,"column":90}},"4":{"start":{"line":9,"column":0},"end":{"line":9,"column":23}}},"fnMap":{"0":{"name":"(anonymous_0)","decl":{"start":{"line":5,"column":22},"end":{"line":5,"column":23}},"loc":{"start":{"line":5,"column":36},"end":{"line":7,"column":1}},"line":5}},"branchMap":{},"s":{"0":0,"1":0,"2":0,"3":0,"4":0},"f":{"0":0},"b":{}}
,"/home/theo-anderson/Eclipse-Auto-v2/server/routes/reservations.js": {"path":"/home/theo-anderson/Eclipse-Auto-v2/server/routes/reservations.js","statementMap":{"0":{"start":{"line":1,"column":19},"end":{"line":1,"column":37}},"1":{"start":{"line":2,"column":17},"end":{"line":2,"column":39}},"2":{"start":{"line":3,"column":38},"end":{"line":3,"column":67}},"3":{"start":{"line":5,"column":15},"end":{"line":5,"column":23}},"4":{"start":{"line":8,"column":0},"end":{"line":17,"column":2}},"5":{"start":{"line":9,"column":26},"end":{"line":13,"column":46}},"6":{"start":{"line":15,"column":2},"end":{"line":15,"column":66}},"7":{"start":{"line":15,"column":13},"end":{"line":15,"column":66}},"8":{"start":{"line":16,"column":2},"end":{"line":16,"column":16}},"9":{"start":{"line":20,"column":0},"end":{"line":36,"column":2}},"10":{"start":{"line":21,"column":45},"end":{"line":21,"column":54}},"11":{"start":{"line":23,"column":19},"end":{"line":23,"column":55}},"12":{"start":{"line":24,"column":20},"end":{"line":24,"column":54}},"13":{"start":{"line":26,"column":14},"end":{"line":29,"column":46}},"14":{"start":{"line":31,"column":2},"end":{"line":31,"column":48}},"15":{"start":{"line":31,"column":14},"end":{"line":31,"column":48}},"16":{"start":{"line":33,"column":33},"end":{"line":33,"column":87}},"17":{"start":{"line":34,"column":2},"end":{"line":34,"column":66}},"18":{"start":{"line":34,"column":13},"end":{"line":34,"column":66}},"19":{"start":{"line":35,"column":2},"end":{"line":35,"column":70}},"20":{"start":{"line":39,"column":0},"end":{"line":67,"column":2}},"21":{"start":{"line":40,"column":44},"end":{"line":40,"column":52}},"22":{"start":{"line":42,"column":2},"end":{"line":44,"column":3}},"23":{"start":{"line":43,"column":4},"end":{"line":43,"column":69}},"24":{"start":{"line":47,"column":28},"end":{"line":51,"column":13}},"25":{"start":{"line":53,"column":2},"end":{"line":55,"column":3}},"26":{"start":{"line":54,"column":4},"end":{"line":54,"column":81}},"27":{"start":{"line":57,"column":26},"end":{"line":63,"column":22}},"28":{"start":{"line":65,"column":2},"end":{"line":65,"column":66}},"29":{"start":{"line":65,"column":13},"end":{"line":65,"column":66}},"30":{"start":{"line":66,"column":2},"end":{"line":66,"column":28}},"31":{"start":{"line":71,"column":0},"end":{"line":87,"column":2}},"32":{"start":{"line":72,"column":21},"end":{"line":72,"column":29}},"33":{"start":{"line":74,"column":2},"end":{"line":76,"column":3}},"34":{"start":{"line":75,"column":4},"end":{"line":75,"column":62}},"35":{"start":{"line":78,"column":26},"end":{"line":83,"column":13}},"36":{"start":{"line":85,"column":2},"end":{"line":85,"column":66}},"37":{"start":{"line":85,"column":13},"end":{"line":85,"column":66}},"38":{"start":{"line":86,"column":2},"end":{"line":86,"column":16}},"39":{"start":{"line":90,"column":0},"end":{"line":111,"column":2}},"40":{"start":{"line":92,"column":32},"end":{"line":96,"column":13}},"41":{"start":{"line":98,"column":2},"end":{"line":98,"column":86}},"42":{"start":{"line":98,"column":20},"end":{"line":98,"column":86}},"43":{"start":{"line":99,"column":2},"end":{"line":99,"column":100}},"44":{"start":{"line":99,"column":45},"end":{"line":99,"column":100}},"45":{"start":{"line":100,"column":2},"end":{"line":100,"column":139}},"46":{"start":{"line":100,"column":40},"end":{"line":100,"column":139}},"47":{"start":{"line":102,"column":26},"end":{"line":107,"column":13}},"48":{"start":{"line":109,"column":2},"end":{"line":109,"column":66}},"49":{"start":{"line":109,"column":13},"end":{"line":109,"column":66}},"50":{"start":{"line":110,"column":2},"end":{"line":110,"column":16}},"51":{"start":{"line":113,"column":0},"end":{"line":113,"column":23}}},"fnMap":{"0":{"name":"(anonymous_0)","decl":{"start":{"line":8,"column":29},"end":{"line":8,"column":30}},"loc":{"start":{"line":8,"column":49},"end":{"line":17,"column":1}},"line":8},"1":{"name":"(anonymous_1)","decl":{"start":{"line":20,"column":33},"end":{"line":20,"column":34}},"loc":{"start":{"line":20,"column":53},"end":{"line":36,"column":1}},"line":20},"2":{"name":"(anonymous_2)","decl":{"start":{"line":39,"column":30},"end":{"line":39,"column":31}},"loc":{"start":{"line":39,"column":50},"end":{"line":67,"column":1}},"line":39},"3":{"name":"(anonymous_3)","decl":{"start":{"line":71,"column":42},"end":{"line":71,"column":43}},"loc":{"start":{"line":71,"column":62},"end":{"line":87,"column":1}},"line":71},"4":{"name":"(anonymous_4)","decl":{"start":{"line":90,"column":41},"end":{"line":90,"column":42}},"loc":{"start":{"line":90,"column":61},"end":{"line":111,"column":1}},"line":90}},"branchMap":{"0":{"loc":{"start":{"line":15,"column":2},"end":{"line":15,"column":66}},"type":"if","locations":[{"start":{"line":15,"column":2},"end":{"line":15,"column":66}},{"start":{},"end":{}}],"line":15},"1":{"loc":{"start":{"line":21,"column":18},"end":{"line":21,"column":28}},"type":"default-arg","locations":[{"start":{"line":21,"column":26},"end":{"line":21,"column":28}}],"line":21},"2":{"loc":{"start":{"line":21,"column":30},"end":{"line":21,"column":40}},"type":"default-arg","locations":[{"start":{"line":21,"column":39},"end":{"line":21,"column":40}}],"line":21},"3":{"loc":{"start":{"line":23,"column":28},"end":{"line":23,"column":49}},"type":"binary-expr","locations":[{"start":{"line":23,"column":28},"end":{"line":23,"column":43}},{"start":{"line":23,"column":47},"end":{"line":23,"column":49}}],"line":23},"4":{"loc":{"start":{"line":24,"column":29},"end":{"line":24,"column":50}},"type":"binary-expr","locations":[{"start":{"line":24,"column":29},"end":{"line":24,"column":45}},{"start":{"line":24,"column":49},"end":{"line":24,"column":50}}],"line":24},"5":{"loc":{"start":{"line":31,"column":2},"end":{"line":31,"column":48}},"type":"if","locations":[{"start":{"line":31,"column":2},"end":{"line":31,"column":48}},{"start":{},"end":{}}],"line":31},"6":{"loc":{"start":{"line":34,"column":2},"end":{"line":34,"column":66}},"type":"if","locations":[{"start":{"line":34,"column":2},"end":{"line":34,"column":66}},{"start":{},"end":{}}],"line":34},"7":{"loc":{"start":{"line":42,"column":2},"end":{"line":44,"column":3}},"type":"if","locations":[{"start":{"line":42,"column":2},"end":{"line":44,"column":3}},{"start":{},"end":{}}],"line":42},"8":{"loc":{"start":{"line":53,"column":2},"end":{"line":55,"column":3}},"type":"if","locations":[{"start":{"line":53,"column":2},"end":{"line":55,"column":3}},{"start":{},"end":{}}],"line":53},"9":{"loc":{"start":{"line":53,"column":6},"end":{"line":53,"column":48}},"type":"binary-expr","locations":[{"start":{"line":53,"column":6},"end":{"line":53,"column":14}},{"start":{"line":53,"column":18},"end":{"line":53,"column":48}}],"line":53},"10":{"loc":{"start":{"line":61,"column":13},"end":{"line":61,"column":28}},"type":"binary-expr","locations":[{"start":{"line":61,"column":13},"end":{"line":61,"column":20}},{"start":{"line":61,"column":24},"end":{"line":61,"column":28}}],"line":61},"11":{"loc":{"start":{"line":62,"column":14},"end":{"line":62,"column":30}},"type":"binary-expr","locations":[{"start":{"line":62,"column":14},"end":{"line":62,"column":22}},{"start":{"line":62,"column":26},"end":{"line":62,"column":30}}],"line":62},"12":{"loc":{"start":{"line":65,"column":2},"end":{"line":65,"column":66}},"type":"if","locations":[{"start":{"line":65,"column":2},"end":{"line":65,"column":66}},{"start":{},"end":{}}],"line":65},"13":{"loc":{"start":{"line":74,"column":2},"end":{"line":76,"column":3}},"type":"if","locations":[{"start":{"line":74,"column":2},"end":{"line":76,"column":3}},{"start":{},"end":{}}],"line":74},"14":{"loc":{"start":{"line":85,"column":2},"end":{"line":85,"column":66}},"type":"if","locations":[{"start":{"line":85,"column":2},"end":{"line":85,"column":66}},{"start":{},"end":{}}],"line":85},"15":{"loc":{"start":{"line":98,"column":2},"end":{"line":98,"column":86}},"type":"if","locations":[{"start":{"line":98,"column":2},"end":{"line":98,"column":86}},{"start":{},"end":{}}],"line":98},"16":{"loc":{"start":{"line":99,"column":2},"end":{"line":99,"column":100}},"type":"if","locations":[{"start":{"line":99,"column":2},"end":{"line":99,"column":100}},{"start":{},"end":{}}],"line":99},"17":{"loc":{"start":{"line":100,"column":2},"end":{"line":100,"column":139}},"type":"if","locations":[{"start":{"line":100,"column":2},"end":{"line":100,"column":139}},{"start":{},"end":{}}],"line":100},"18":{"loc":{"start":{"line":109,"column":2},"end":{"line":109,"column":66}},"type":"if","locations":[{"start":{"line":109,"column":2},"end":{"line":109,"column":66}},{"start":{},"end":{}}],"line":109}},"s":{"0":0,"1":0,"2":0,"3":0,"4":0,"5":0,"6":0,"7":0,"8":0,"9":0,"10":0,"11":0,"12":0,"13":0,"14":0,"15":0,"16":0,"17":0,"18":0,"19":0,"20":0,"21":0,"22":0,"23":0,"24":0,"25":0,"26":0,"27":0,"28":0,"29":0,"30":0,"31":0,"32":0,"33":0,"34":0,"35":0,"36":0,"37":0,"38":0,"39":0,"40":0,"41":0,"42":0,"43":0,"44":0,"45":0,"46":0,"47":0,"48":0,"49":0,"50":0,"51":0},"f":{"0":0,"1":0,"2":0,"3":0,"4":0},"b":{"0":[0,0],"1":[0],"2":[0],"3":[0,0],"4":[0,0],"5":[0,0],"6":[0,0],"7":[0,0],"8":[0,0],"9":[0,0],"10":[0,0],"11":[0,0],"12":[0,0],"13":[0,0],"14":[0,0],"15":[0,0],"16":[0,0],"17":[0,0],"18":[0,0]}}
,"/home/theo-anderson/Eclipse-Auto-v2/server/routes/vehicles.js": {"path":"/home/theo-anderson/Eclipse-Auto-v2/server/routes/vehicles.js","statementMap":{"0":{"start":{"line":1,"column":19},"end":{"line":1,"column":37}},"1":{"start":{"line":2,"column":17},"end":{"line":2,"column":39}},"2":{"start":{"line":3,"column":25},"end":{"line":3,"column":54}},"3":{"start":{"line":5,"column":15},"end":{"line":5,"column":23}},"4":{"start":{"line":8,"column":35},"end":{"line":8,"column":39}},"5":{"start":{"line":9,"column":22},"end":{"line":9,"column":46}},"6":{"start":{"line":11,"column":2},"end":{"line":16,"column":3}},"7":{"start":{"line":12,"column":14},"end":{"line":12,"column":28}},"8":{"start":{"line":13,"column":4},"end":{"line":15,"column":5}},"9":{"start":{"line":14,"column":6},"end":{"line":14,"column":65}},"10":{"start":{"line":18,"column":2},"end":{"line":23,"column":3}},"11":{"start":{"line":19,"column":14},"end":{"line":19,"column":31}},"12":{"start":{"line":20,"column":4},"end":{"line":22,"column":5}},"13":{"start":{"line":21,"column":6},"end":{"line":21,"column":46}},"14":{"start":{"line":25,"column":2},"end":{"line":30,"column":3}},"15":{"start":{"line":26,"column":14},"end":{"line":26,"column":31}},"16":{"start":{"line":27,"column":4},"end":{"line":29,"column":5}},"17":{"start":{"line":28,"column":6},"end":{"line":28,"column":53}},"18":{"start":{"line":32,"column":2},"end":{"line":32,"column":13}},"19":{"start":{"line":36,"column":0},"end":{"line":52,"column":2}},"20":{"start":{"line":37,"column":63},"end":{"line":37,"column":72}},"21":{"start":{"line":39,"column":14},"end":{"line":39,"column":113}},"22":{"start":{"line":41,"column":2},"end":{"line":41,"column":50}},"23":{"start":{"line":41,"column":16},"end":{"line":41,"column":50}},"24":{"start":{"line":42,"column":2},"end":{"line":42,"column":48}},"25":{"start":{"line":42,"column":16},"end":{"line":42,"column":48}},"26":{"start":{"line":43,"column":2},"end":{"line":43,"column":57}},"27":{"start":{"line":43,"column":17},"end":{"line":43,"column":57}},"28":{"start":{"line":45,"column":19},"end":{"line":45,"column":55}},"29":{"start":{"line":46,"column":20},"end":{"line":46,"column":54}},"30":{"start":{"line":48,"column":33},"end":{"line":48,"column":87}},"31":{"start":{"line":49,"column":2},"end":{"line":49,"column":66}},"32":{"start":{"line":49,"column":13},"end":{"line":49,"column":66}},"33":{"start":{"line":51,"column":2},"end":{"line":51,"column":70}},"34":{"start":{"line":55,"column":0},"end":{"line":64,"column":2}},"35":{"start":{"line":56,"column":26},"end":{"line":60,"column":13}},"36":{"start":{"line":62,"column":2},"end":{"line":62,"column":76}},"37":{"start":{"line":62,"column":13},"end":{"line":62,"column":76}},"38":{"start":{"line":63,"column":2},"end":{"line":63,"column":16}},"39":{"start":{"line":67,"column":0},"end":{"line":90,"column":2}},"40":{"start":{"line":68,"column":102},"end":{"line":68,"column":110}},"41":{"start":{"line":70,"column":2},"end":{"line":72,"column":3}},"42":{"start":{"line":71,"column":4},"end":{"line":71,"column":76}},"43":{"start":{"line":74,"column":26},"end":{"line":74,"column":72}},"44":{"start":{"line":75,"column":2},"end":{"line":75,"column":78}},"45":{"start":{"line":75,"column":23},"end":{"line":75,"column":78}},"46":{"start":{"line":77,"column":26},"end":{"line":86,"column":22}},"47":{"start":{"line":88,"column":2},"end":{"line":88,"column":66}},"48":{"start":{"line":88,"column":13},"end":{"line":88,"column":66}},"49":{"start":{"line":89,"column":2},"end":{"line":89,"column":28}},"50":{"start":{"line":93,"column":0},"end":{"line":117,"column":2}},"51":{"start":{"line":94,"column":102},"end":{"line":94,"column":110}},"52":{"start":{"line":96,"column":26},"end":{"line":96,"column":72}},"53":{"start":{"line":97,"column":2},"end":{"line":97,"column":78}},"54":{"start":{"line":97,"column":23},"end":{"line":97,"column":78}},"55":{"start":{"line":99,"column":26},"end":{"line":113,"column":13}},"56":{"start":{"line":115,"column":2},"end":{"line":115,"column":66}},"57":{"start":{"line":115,"column":13},"end":{"line":115,"column":66}},"58":{"start":{"line":116,"column":2},"end":{"line":116,"column":16}},"59":{"start":{"line":120,"column":0},"end":{"line":124,"column":2}},"60":{"start":{"line":121,"column":20},"end":{"line":121,"column":84}},"61":{"start":{"line":122,"column":2},"end":{"line":122,"column":66}},"62":{"start":{"line":122,"column":13},"end":{"line":122,"column":66}},"63":{"start":{"line":123,"column":2},"end":{"line":123,"column":29}},"64":{"start":{"line":126,"column":0},"end":{"line":126,"column":23}}},"fnMap":{"0":{"name":"validateVehicleInput","decl":{"start":{"line":7,"column":9},"end":{"line":7,"column":29}},"loc":{"start":{"line":7,"column":36},"end":{"line":33,"column":1}},"line":7},"1":{"name":"(anonymous_1)","decl":{"start":{"line":36,"column":16},"end":{"line":36,"column":17}},"loc":{"start":{"line":36,"column":36},"end":{"line":52,"column":1}},"line":36},"2":{"name":"(anonymous_2)","decl":{"start":{"line":55,"column":19},"end":{"line":55,"column":20}},"loc":{"start":{"line":55,"column":39},"end":{"line":64,"column":1}},"line":55},"3":{"name":"(anonymous_3)","decl":{"start":{"line":67,"column":31},"end":{"line":67,"column":32}},"loc":{"start":{"line":67,"column":51},"end":{"line":90,"column":1}},"line":67},"4":{"name":"(anonymous_4)","decl":{"start":{"line":93,"column":33},"end":{"line":93,"column":34}},"loc":{"start":{"line":93,"column":53},"end":{"line":117,"column":1}},"line":93},"5":{"name":"(anonymous_5)","decl":{"start":{"line":120,"column":36},"end":{"line":120,"column":37}},"loc":{"start":{"line":120,"column":56},"end":{"line":124,"column":1}},"line":120}},"branchMap":{"0":{"loc":{"start":{"line":11,"column":2},"end":{"line":16,"column":3}},"type":"if","locations":[{"start":{"line":11,"column":2},"end":{"line":16,"column":3}},{"start":{},"end":{}}],"line":11},"1":{"loc":{"start":{"line":13,"column":4},"end":{"line":15,"column":5}},"type":"if","locations":[{"start":{"line":13,"column":4},"end":{"line":15,"column":5}},{"start":{},"end":{}}],"line":13},"2":{"loc":{"start":{"line":13,"column":8},"end":{"line":13,"column":51}},"type":"binary-expr","locations":[{"start":{"line":13,"column":8},"end":{"line":13,"column":16}},{"start":{"line":13,"column":20},"end":{"line":13,"column":28}},{"start":{"line":13,"column":32},"end":{"line":13,"column":51}}],"line":13},"3":{"loc":{"start":{"line":18,"column":2},"end":{"line":23,"column":3}},"type":"if","locations":[{"start":{"line":18,"column":2},"end":{"line":23,"column":3}},{"start":{},"end":{}}],"line":18},"4":{"loc":{"start":{"line":20,"column":4},"end":{"line":22,"column":5}},"type":"if","locations":[{"start":{"line":20,"column":4},"end":{"line":22,"column":5}},{"start":{},"end":{}}],"line":20},"5":{"loc":{"start":{"line":20,"column":8},"end":{"line":20,"column":25}},"type":"binary-expr","locations":[{"start":{"line":20,"column":8},"end":{"line":20,"column":16}},{"start":{"line":20,"column":20},"end":{"line":20,"column":25}}],"line":20},"6":{"loc":{"start":{"line":25,"column":2},"end":{"line":30,"column":3}},"type":"if","locations":[{"start":{"line":25,"column":2},"end":{"line":30,"column":3}},{"start":{},"end":{}}],"line":25},"7":{"loc":{"start":{"line":27,"column":4},"end":{"line":29,"column":5}},"type":"if","locations":[{"start":{"line":27,"column":4},"end":{"line":29,"column":5}},{"start":{},"end":{}}],"line":27},"8":{"loc":{"start":{"line":27,"column":8},"end":{"line":27,"column":25}},"type":"binary-expr","locations":[{"start":{"line":27,"column":8},"end":{"line":27,"column":16}},{"start":{"line":27,"column":20},"end":{"line":27,"column":25}}],"line":27},"9":{"loc":{"start":{"line":37,"column":36},"end":{"line":37,"column":46}},"type":"default-arg","locations":[{"start":{"line":37,"column":44},"end":{"line":37,"column":46}}],"line":37},"10":{"loc":{"start":{"line":37,"column":48},"end":{"line":37,"column":58}},"type":"default-arg","locations":[{"start":{"line":37,"column":57},"end":{"line":37,"column":58}}],"line":37},"11":{"loc":{"start":{"line":41,"column":2},"end":{"line":41,"column":50}},"type":"if","locations":[{"start":{"line":41,"column":2},"end":{"line":41,"column":50}},{"start":{},"end":{}}],"line":41},"12":{"loc":{"start":{"line":42,"column":2},"end":{"line":42,"column":48}},"type":"if","locations":[{"start":{"line":42,"column":2},"end":{"line":42,"column":48}},{"start":{},"end":{}}],"line":42},"13":{"loc":{"start":{"line":43,"column":2},"end":{"line":43,"column":57}},"type":"if","locations":[{"start":{"line":43,"column":2},"end":{"line":43,"column":57}},{"start":{},"end":{}}],"line":43},"14":{"loc":{"start":{"line":45,"column":28},"end":{"line":45,"column":49}},"type":"binary-expr","locations":[{"start":{"line":45,"column":28},"end":{"line":45,"column":43}},{"start":{"line":45,"column":47},"end":{"line":45,"column":49}}],"line":45},"15":{"loc":{"start":{"line":46,"column":29},"end":{"line":46,"column":50}},"type":"binary-expr","locations":[{"start":{"line":46,"column":29},"end":{"line":46,"column":45}},{"start":{"line":46,"column":49},"end":{"line":46,"column":50}}],"line":46},"16":{"loc":{"start":{"line":49,"column":2},"end":{"line":49,"column":66}},"type":"if","locations":[{"start":{"line":49,"column":2},"end":{"line":49,"column":66}},{"start":{},"end":{}}],"line":49},"17":{"loc":{"start":{"line":62,"column":2},"end":{"line":62,"column":76}},"type":"if","locations":[{"start":{"line":62,"column":2},"end":{"line":62,"column":76}},{"start":{},"end":{}}],"line":62},"18":{"loc":{"start":{"line":70,"column":2},"end":{"line":72,"column":3}},"type":"if","locations":[{"start":{"line":70,"column":2},"end":{"line":72,"column":3}},{"start":{},"end":{}}],"line":70},"19":{"loc":{"start":{"line":70,"column":6},"end":{"line":70,"column":72}},"type":"binary-expr","locations":[{"start":{"line":70,"column":6},"end":{"line":70,"column":12}},{"start":{"line":70,"column":16},"end":{"line":70,"column":22}},{"start":{"line":70,"column":26},"end":{"line":70,"column":31}},{"start":{"line":70,"column":35},"end":{"line":70,"column":41}},{"start":{"line":70,"column":45},"end":{"line":70,"column":55}},{"start":{"line":70,"column":59},"end":{"line":70,"column":72}}],"line":70},"20":{"loc":{"start":{"line":75,"column":2},"end":{"line":75,"column":78}},"type":"if","locations":[{"start":{"line":75,"column":2},"end":{"line":75,"column":78}},{"start":{},"end":{}}],"line":75},"21":{"loc":{"start":{"line":82,"column":13},"end":{"line":82,"column":44}},"type":"cond-expr","locations":[{"start":{"line":82,"column":23},"end":{"line":82,"column":40}},{"start":{"line":82,"column":43},"end":{"line":82,"column":44}}],"line":82},"22":{"loc":{"start":{"line":83,"column":11},"end":{"line":83,"column":24}},"type":"binary-expr","locations":[{"start":{"line":83,"column":11},"end":{"line":83,"column":16}},{"start":{"line":83,"column":20},"end":{"line":83,"column":24}}],"line":83},"23":{"loc":{"start":{"line":84,"column":17},"end":{"line":84,"column":36}},"type":"binary-expr","locations":[{"start":{"line":84,"column":17},"end":{"line":84,"column":28}},{"start":{"line":84,"column":32},"end":{"line":84,"column":36}}],"line":84},"24":{"loc":{"start":{"line":85,"column":12},"end":{"line":85,"column":33}},"type":"binary-expr","locations":[{"start":{"line":85,"column":12},"end":{"line":85,"column":18}},{"start":{"line":85,"column":22},"end":{"line":85,"column":33}}],"line":85},"25":{"loc":{"start":{"line":88,"column":2},"end":{"line":88,"column":66}},"type":"if","locations":[{"start":{"line":88,"column":2},"end":{"line":88,"column":66}},{"start":{},"end":{}}],"line":88},"26":{"loc":{"start":{"line":97,"column":2},"end":{"line":97,"column":78}},"type":"if","locations":[{"start":{"line":97,"column":2},"end":{"line":97,"column":78}},{"start":{},"end":{}}],"line":97},"27":{"loc":{"start":{"line":106,"column":15},"end":{"line":106,"column":46}},"type":"cond-expr","locations":[{"start":{"line":106,"column":25},"end":{"line":106,"column":42}},{"start":{"line":106,"column":45},"end":{"line":106,"column":46}}],"line":106},"28":{"loc":{"start":{"line":107,"column":13},"end":{"line":107,"column":26}},"type":"binary-expr","locations":[{"start":{"line":107,"column":13},"end":{"line":107,"column":18}},{"start":{"line":107,"column":22},"end":{"line":107,"column":26}}],"line":107},"29":{"loc":{"start":{"line":108,"column":19},"end":{"line":108,"column":38}},"type":"binary-expr","locations":[{"start":{"line":108,"column":19},"end":{"line":108,"column":30}},{"start":{"line":108,"column":34},"end":{"line":108,"column":38}}],"line":108},"30":{"loc":{"start":{"line":115,"column":2},"end":{"line":115,"column":66}},"type":"if","locations":[{"start":{"line":115,"column":2},"end":{"line":115,"column":66}},{"start":{},"end":{}}],"line":115},"31":{"loc":{"start":{"line":122,"column":2},"end":{"line":122,"column":66}},"type":"if","locations":[{"start":{"line":122,"column":2},"end":{"line":122,"column":66}},{"start":{},"end":{}}],"line":122}},"s":{"0":0,"1":0,"2":0,"3":0,"4":0,"5":0,"6":0,"7":0,"8":0,"9":0,"10":0,"11":0,"12":0,"13":0,"14":0,"15":0,"16":0,"17":0,"18":0,"19":0,"20":0,"21":0,"22":0,"23":0,"24":0,"25":0,"26":0,"27":0,"28":0,"29":0,"30":0,"31":0,"32":0,"33":0,"34":0,"35":0,"36":0,"37":0,"38":0,"39":0,"40":0,"41":0,"42":0,"43":0,"44":0,"45":0,"46":0,"47":0,"48":0,"49":0,"50":0,"51":0,"52":0,"53":0,"54":0,"55":0,"56":0,"57":0,"58":0,"59":0,"60":0,"61":0,"62":0,"63":0,"64":0},"f":{"0":0,"1":0,"2":0,"3":0,"4":0,"5":0},"b":{"0":[0,0],"1":[0,0],"2":[0,0,0],"3":[0,0],"4":[0,0],"5":[0,0],"6":[0,0],"7":[0,0],"8":[0,0],"9":[0],"10":[0],"11":[0,0],"12":[0,0],"13":[0,0],"14":[0,0],"15":[0,0],"16":[0,0],"17":[0,0],"18":[0,0],"19":[0,0,0,0,0,0],"20":[0,0],"21":[0,0],"22":[0,0],"23":[0,0],"24":[0,0],"25":[0,0],"26":[0,0],"27":[0,0],"28":[0,0],"29":[0,0],"30":[0,0],"31":[0,0]}}
}
